2023-06-07 16:59:15 [1] [INFO] Starting gunicorn 20.1.0
2023-06-07 16:59:15 [1] [INFO] Listening at: http://172.23.0.4:48001 (1)
2023-06-07 16:59:15 [1] [INFO] Using worker: uvicorn.workers.UvicornWorker
2023-06-07 16:59:15 [22] [INFO] Booting worker with pid: 22
2023-06-07 16:59:15 [23] [INFO] Booting worker with pid: 23
2023-06-07 16:59:15 [22] [ERROR] Exception in worker process
Traceback (most recent call last):
  File "/opt/miniconda3/lib/python3.9/site-packages/gunicorn/arbiter.py", line 589, in spawn_worker
    worker.init_process()
  File "/opt/miniconda3/lib/python3.9/site-packages/uvicorn/workers.py", line 66, in init_process
    super(UvicornWorker, self).init_process()
  File "/opt/miniconda3/lib/python3.9/site-packages/gunicorn/workers/base.py", line 134, in init_process
    self.load_wsgi()
  File "/opt/miniconda3/lib/python3.9/site-packages/gunicorn/workers/base.py", line 146, in load_wsgi
    self.wsgi = self.app.wsgi()
  File "/opt/miniconda3/lib/python3.9/site-packages/gunicorn/app/base.py", line 67, in wsgi
    self.callable = self.load()
  File "/opt/miniconda3/lib/python3.9/site-packages/gunicorn/app/wsgiapp.py", line 58, in load
    return self.load_wsgiapp()
  File "/opt/miniconda3/lib/python3.9/site-packages/gunicorn/app/wsgiapp.py", line 48, in load_wsgiapp
    return util.import_app(self.app_uri)
  File "/opt/miniconda3/lib/python3.9/site-packages/gunicorn/util.py", line 359, in import_app
    mod = importlib.import_module(module)
  File "/opt/miniconda3/lib/python3.9/importlib/__init__.py", line 127, in import_module
    return _bootstrap._gcd_import(name[level:], package, level)
  File "<frozen importlib._bootstrap>", line 1030, in _gcd_import
  File "<frozen importlib._bootstrap>", line 1007, in _find_and_load
  File "<frozen importlib._bootstrap>", line 986, in _find_and_load_unlocked
  File "<frozen importlib._bootstrap>", line 680, in _load_unlocked
  File "<frozen importlib._bootstrap_external>", line 850, in exec_module
  File "<frozen importlib._bootstrap>", line 228, in _call_with_frames_removed
  File "/opt/smartscope/Smartscope/server/main/asgi.py", line 15, in <module>
    django.setup()
  File "/opt/miniconda3/lib/python3.9/site-packages/django/__init__.py", line 19, in setup
    configure_logging(settings.LOGGING_CONFIG, settings.LOGGING)
  File "/opt/miniconda3/lib/python3.9/site-packages/django/conf/__init__.py", line 87, in __getattr__
    self._setup(name)
  File "/opt/miniconda3/lib/python3.9/site-packages/django/conf/__init__.py", line 74, in _setup
    self._wrapped = Settings(settings_module)
  File "/opt/miniconda3/lib/python3.9/site-packages/django/conf/__init__.py", line 183, in __init__
    mod = importlib.import_module(self.SETTINGS_MODULE)
  File "/opt/miniconda3/lib/python3.9/importlib/__init__.py", line 127, in import_module
    return _bootstrap._gcd_import(name[level:], package, level)
  File "<frozen importlib._bootstrap>", line 1030, in _gcd_import
  File "<frozen importlib._bootstrap>", line 1007, in _find_and_load
  File "<frozen importlib._bootstrap>", line 986, in _find_and_load_unlocked
  File "<frozen importlib._bootstrap>", line 680, in _load_unlocked
  File "<frozen importlib._bootstrap_external>", line 850, in exec_module
  File "<frozen importlib._bootstrap>", line 228, in _call_with_frames_removed
  File "/opt/smartscope/Smartscope/core/settings/server_docker.py", line 40, in <module>
    USE_LONGTERMSTORAGE = eval(os.getenv('USE_LONGTERMSTORAGE'))
  File "<string>", line 1, in <module>
NameError: name 'false' is not defined
2023-06-07 16:59:15 [22] [INFO] Worker exiting (pid: 22)
2023-06-07 16:59:15 [23] [ERROR] Exception in worker process
Traceback (most recent call last):
  File "/opt/miniconda3/lib/python3.9/site-packages/gunicorn/arbiter.py", line 589, in spawn_worker
    worker.init_process()
  File "/opt/miniconda3/lib/python3.9/site-packages/uvicorn/workers.py", line 66, in init_process
    super(UvicornWorker, self).init_process()
  File "/opt/miniconda3/lib/python3.9/site-packages/gunicorn/workers/base.py", line 134, in init_process
    self.load_wsgi()
  File "/opt/miniconda3/lib/python3.9/site-packages/gunicorn/workers/base.py", line 146, in load_wsgi
    self.wsgi = self.app.wsgi()
  File "/opt/miniconda3/lib/python3.9/site-packages/gunicorn/app/base.py", line 67, in wsgi
    self.callable = self.load()
  File "/opt/miniconda3/lib/python3.9/site-packages/gunicorn/app/wsgiapp.py", line 58, in load
    return self.load_wsgiapp()
  File "/opt/miniconda3/lib/python3.9/site-packages/gunicorn/app/wsgiapp.py", line 48, in load_wsgiapp
    return util.import_app(self.app_uri)
  File "/opt/miniconda3/lib/python3.9/site-packages/gunicorn/util.py", line 359, in import_app
    mod = importlib.import_module(module)
  File "/opt/miniconda3/lib/python3.9/importlib/__init__.py", line 127, in import_module
    return _bootstrap._gcd_import(name[level:], package, level)
  File "<frozen importlib._bootstrap>", line 1030, in _gcd_import
  File "<frozen importlib._bootstrap>", line 1007, in _find_and_load
  File "<frozen importlib._bootstrap>", line 986, in _find_and_load_unlocked
  File "<frozen importlib._bootstrap>", line 680, in _load_unlocked
  File "<frozen importlib._bootstrap_external>", line 850, in exec_module
  File "<frozen importlib._bootstrap>", line 228, in _call_with_frames_removed
  File "/opt/smartscope/Smartscope/server/main/asgi.py", line 15, in <module>
    django.setup()
  File "/opt/miniconda3/lib/python3.9/site-packages/django/__init__.py", line 19, in setup
    configure_logging(settings.LOGGING_CONFIG, settings.LOGGING)
  File "/opt/miniconda3/lib/python3.9/site-packages/django/conf/__init__.py", line 87, in __getattr__
    self._setup(name)
  File "/opt/miniconda3/lib/python3.9/site-packages/django/conf/__init__.py", line 74, in _setup
    self._wrapped = Settings(settings_module)
  File "/opt/miniconda3/lib/python3.9/site-packages/django/conf/__init__.py", line 183, in __init__
    mod = importlib.import_module(self.SETTINGS_MODULE)
  File "/opt/miniconda3/lib/python3.9/importlib/__init__.py", line 127, in import_module
    return _bootstrap._gcd_import(name[level:], package, level)
  File "<frozen importlib._bootstrap>", line 1030, in _gcd_import
  File "<frozen importlib._bootstrap>", line 1007, in _find_and_load
  File "<frozen importlib._bootstrap>", line 986, in _find_and_load_unlocked
  File "<frozen importlib._bootstrap>", line 680, in _load_unlocked
  File "<frozen importlib._bootstrap_external>", line 850, in exec_module
  File "<frozen importlib._bootstrap>", line 228, in _call_with_frames_removed
  File "/opt/smartscope/Smartscope/core/settings/server_docker.py", line 40, in <module>
    USE_LONGTERMSTORAGE = eval(os.getenv('USE_LONGTERMSTORAGE'))
  File "<string>", line 1, in <module>
NameError: name 'false' is not defined
2023-06-07 16:59:15 [23] [INFO] Worker exiting (pid: 23)
2023-06-07 16:59:15 [1] [WARNING] Worker with pid 23 was terminated due to signal 15
2023-06-07 16:59:15 [1] [INFO] Shutting down: Master
2023-06-07 16:59:15 [1] [INFO] Reason: Worker failed to boot.
2023-06-07 16:59:19 [1] [INFO] Starting gunicorn 20.1.0
2023-06-07 16:59:19 [1] [INFO] Listening at: http://172.23.0.4:48001 (1)
2023-06-07 16:59:19 [1] [INFO] Using worker: uvicorn.workers.UvicornWorker
2023-06-07 16:59:19 [20] [INFO] Booting worker with pid: 20
2023-06-07 16:59:19 [21] [INFO] Booting worker with pid: 21
2023-06-07 16:59:19 [20] [ERROR] Exception in worker process
Traceback (most recent call last):
  File "/opt/miniconda3/lib/python3.9/site-packages/gunicorn/arbiter.py", line 589, in spawn_worker
    worker.init_process()
  File "/opt/miniconda3/lib/python3.9/site-packages/uvicorn/workers.py", line 66, in init_process
    super(UvicornWorker, self).init_process()
  File "/opt/miniconda3/lib/python3.9/site-packages/gunicorn/workers/base.py", line 134, in init_process
    self.load_wsgi()
  File "/opt/miniconda3/lib/python3.9/site-packages/gunicorn/workers/base.py", line 146, in load_wsgi
    self.wsgi = self.app.wsgi()
  File "/opt/miniconda3/lib/python3.9/site-packages/gunicorn/app/base.py", line 67, in wsgi
    self.callable = self.load()
  File "/opt/miniconda3/lib/python3.9/site-packages/gunicorn/app/wsgiapp.py", line 58, in load
    return self.load_wsgiapp()
  File "/opt/miniconda3/lib/python3.9/site-packages/gunicorn/app/wsgiapp.py", line 48, in load_wsgiapp
    return util.import_app(self.app_uri)
  File "/opt/miniconda3/lib/python3.9/site-packages/gunicorn/util.py", line 359, in import_app
    mod = importlib.import_module(module)
  File "/opt/miniconda3/lib/python3.9/importlib/__init__.py", line 127, in import_module
    return _bootstrap._gcd_import(name[level:], package, level)
  File "<frozen importlib._bootstrap>", line 1030, in _gcd_import
  File "<frozen importlib._bootstrap>", line 1007, in _find_and_load
  File "<frozen importlib._bootstrap>", line 986, in _find_and_load_unlocked
  File "<frozen importlib._bootstrap>", line 680, in _load_unlocked
  File "<frozen importlib._bootstrap_external>", line 850, in exec_module
  File "<frozen importlib._bootstrap>", line 228, in _call_with_frames_removed
  File "/opt/smartscope/Smartscope/server/main/asgi.py", line 15, in <module>
    django.setup()
  File "/opt/miniconda3/lib/python3.9/site-packages/django/__init__.py", line 19, in setup
    configure_logging(settings.LOGGING_CONFIG, settings.LOGGING)
  File "/opt/miniconda3/lib/python3.9/site-packages/django/conf/__init__.py", line 87, in __getattr__
    self._setup(name)
  File "/opt/miniconda3/lib/python3.9/site-packages/django/conf/__init__.py", line 74, in _setup
    self._wrapped = Settings(settings_module)
  File "/opt/miniconda3/lib/python3.9/site-packages/django/conf/__init__.py", line 183, in __init__
    mod = importlib.import_module(self.SETTINGS_MODULE)
  File "/opt/miniconda3/lib/python3.9/importlib/__init__.py", line 127, in import_module
    return _bootstrap._gcd_import(name[level:], package, level)
  File "<frozen importlib._bootstrap>", line 1030, in _gcd_import
  File "<frozen importlib._bootstrap>", line 1007, in _find_and_load
  File "<frozen importlib._bootstrap>", line 986, in _find_and_load_unlocked
  File "<frozen importlib._bootstrap>", line 680, in _load_unlocked
  File "<frozen importlib._bootstrap_external>", line 850, in exec_module
  File "<frozen importlib._bootstrap>", line 228, in _call_with_frames_removed
  File "/opt/smartscope/Smartscope/core/settings/server_docker.py", line 40, in <module>
    USE_LONGTERMSTORAGE = eval(os.getenv('USE_LONGTERMSTORAGE'))
  File "<string>", line 1, in <module>
NameError: name 'false' is not defined
2023-06-07 16:59:19 [20] [INFO] Worker exiting (pid: 20)
2023-06-07 16:59:19 [1] [WARNING] Worker with pid 21 was terminated due to signal 15
2023-06-07 16:59:19 [1] [INFO] Shutting down: Master
2023-06-07 16:59:19 [1] [INFO] Reason: Worker failed to boot.
2023-06-07 17:00:46 [1] [INFO] Starting gunicorn 20.1.0
2023-06-07 17:00:46 [1] [INFO] Listening at: http://172.23.0.4:48001 (1)
2023-06-07 17:00:46 [1] [INFO] Using worker: uvicorn.workers.UvicornWorker
2023-06-07 17:00:46 [22] [INFO] Booting worker with pid: 22
2023-06-07 17:00:46 [23] [INFO] Booting worker with pid: 23
2023-06-07 17:00:46 [22] [ERROR] Exception in worker process
Traceback (most recent call last):
  File "/opt/miniconda3/lib/python3.9/site-packages/gunicorn/arbiter.py", line 589, in spawn_worker
    worker.init_process()
  File "/opt/miniconda3/lib/python3.9/site-packages/uvicorn/workers.py", line 66, in init_process
    super(UvicornWorker, self).init_process()
  File "/opt/miniconda3/lib/python3.9/site-packages/gunicorn/workers/base.py", line 134, in init_process
    self.load_wsgi()
  File "/opt/miniconda3/lib/python3.9/site-packages/gunicorn/workers/base.py", line 146, in load_wsgi
    self.wsgi = self.app.wsgi()
  File "/opt/miniconda3/lib/python3.9/site-packages/gunicorn/app/base.py", line 67, in wsgi
    self.callable = self.load()
  File "/opt/miniconda3/lib/python3.9/site-packages/gunicorn/app/wsgiapp.py", line 58, in load
    return self.load_wsgiapp()
  File "/opt/miniconda3/lib/python3.9/site-packages/gunicorn/app/wsgiapp.py", line 48, in load_wsgiapp
    return util.import_app(self.app_uri)
  File "/opt/miniconda3/lib/python3.9/site-packages/gunicorn/util.py", line 359, in import_app
    mod = importlib.import_module(module)
  File "/opt/miniconda3/lib/python3.9/importlib/__init__.py", line 127, in import_module
    return _bootstrap._gcd_import(name[level:], package, level)
  File "<frozen importlib._bootstrap>", line 1030, in _gcd_import
  File "<frozen importlib._bootstrap>", line 1007, in _find_and_load
  File "<frozen importlib._bootstrap>", line 986, in _find_and_load_unlocked
  File "<frozen importlib._bootstrap>", line 680, in _load_unlocked
  File "<frozen importlib._bootstrap_external>", line 850, in exec_module
  File "<frozen importlib._bootstrap>", line 228, in _call_with_frames_removed
  File "/opt/smartscope/Smartscope/server/main/asgi.py", line 15, in <module>
    django.setup()
  File "/opt/miniconda3/lib/python3.9/site-packages/django/__init__.py", line 19, in setup
    configure_logging(settings.LOGGING_CONFIG, settings.LOGGING)
  File "/opt/miniconda3/lib/python3.9/site-packages/django/conf/__init__.py", line 87, in __getattr__
    self._setup(name)
  File "/opt/miniconda3/lib/python3.9/site-packages/django/conf/__init__.py", line 74, in _setup
    self._wrapped = Settings(settings_module)
  File "/opt/miniconda3/lib/python3.9/site-packages/django/conf/__init__.py", line 183, in __init__
    mod = importlib.import_module(self.SETTINGS_MODULE)
  File "/opt/miniconda3/lib/python3.9/importlib/__init__.py", line 127, in import_module
    return _bootstrap._gcd_import(name[level:], package, level)
  File "<frozen importlib._bootstrap>", line 1030, in _gcd_import
  File "<frozen importlib._bootstrap>", line 1007, in _find_and_load
  File "<frozen importlib._bootstrap>", line 986, in _find_and_load_unlocked
  File "<frozen importlib._bootstrap>", line 680, in _load_unlocked
  File "<frozen importlib._bootstrap_external>", line 850, in exec_module
  File "<frozen importlib._bootstrap>", line 228, in _call_with_frames_removed
  File "/opt/smartscope/Smartscope/core/settings/server_docker.py", line 40, in <module>
    USE_LONGTERMSTORAGE = eval(os.getenv('USE_LONGTERMSTORAGE'))
  File "<string>", line 1, in <module>
NameError: name 'false' is not defined
2023-06-07 17:00:46 [22] [INFO] Worker exiting (pid: 22)
2023-06-07 17:00:46 [1] [WARNING] Worker with pid 23 was terminated due to signal 15
2023-06-07 17:00:46 [1] [INFO] Shutting down: Master
2023-06-07 17:00:46 [1] [INFO] Reason: Worker failed to boot.
2023-06-07 17:00:52 [1] [INFO] Starting gunicorn 20.1.0
2023-06-07 17:00:52 [1] [INFO] Listening at: http://172.23.0.4:48001 (1)
2023-06-07 17:00:52 [1] [INFO] Using worker: uvicorn.workers.UvicornWorker
2023-06-07 17:00:52 [20] [INFO] Booting worker with pid: 20
2023-06-07 17:00:52 [21] [INFO] Booting worker with pid: 21
2023-06-07 17:00:52 [20] [ERROR] Exception in worker process
Traceback (most recent call last):
  File "/opt/miniconda3/lib/python3.9/site-packages/gunicorn/arbiter.py", line 589, in spawn_worker
    worker.init_process()
  File "/opt/miniconda3/lib/python3.9/site-packages/uvicorn/workers.py", line 66, in init_process
    super(UvicornWorker, self).init_process()
  File "/opt/miniconda3/lib/python3.9/site-packages/gunicorn/workers/base.py", line 134, in init_process
    self.load_wsgi()
  File "/opt/miniconda3/lib/python3.9/site-packages/gunicorn/workers/base.py", line 146, in load_wsgi
    self.wsgi = self.app.wsgi()
  File "/opt/miniconda3/lib/python3.9/site-packages/gunicorn/app/base.py", line 67, in wsgi
    self.callable = self.load()
  File "/opt/miniconda3/lib/python3.9/site-packages/gunicorn/app/wsgiapp.py", line 58, in load
    return self.load_wsgiapp()
  File "/opt/miniconda3/lib/python3.9/site-packages/gunicorn/app/wsgiapp.py", line 48, in load_wsgiapp
    return util.import_app(self.app_uri)
  File "/opt/miniconda3/lib/python3.9/site-packages/gunicorn/util.py", line 359, in import_app
    mod = importlib.import_module(module)
  File "/opt/miniconda3/lib/python3.9/importlib/__init__.py", line 127, in import_module
    return _bootstrap._gcd_import(name[level:], package, level)
  File "<frozen importlib._bootstrap>", line 1030, in _gcd_import
  File "<frozen importlib._bootstrap>", line 1007, in _find_and_load
  File "<frozen importlib._bootstrap>", line 986, in _find_and_load_unlocked
  File "<frozen importlib._bootstrap>", line 680, in _load_unlocked
  File "<frozen importlib._bootstrap_external>", line 850, in exec_module
  File "<frozen importlib._bootstrap>", line 228, in _call_with_frames_removed
  File "/opt/smartscope/Smartscope/server/main/asgi.py", line 15, in <module>
    django.setup()
  File "/opt/miniconda3/lib/python3.9/site-packages/django/__init__.py", line 19, in setup
    configure_logging(settings.LOGGING_CONFIG, settings.LOGGING)
  File "/opt/miniconda3/lib/python3.9/site-packages/django/conf/__init__.py", line 87, in __getattr__
    self._setup(name)
  File "/opt/miniconda3/lib/python3.9/site-packages/django/conf/__init__.py", line 74, in _setup
    self._wrapped = Settings(settings_module)
  File "/opt/miniconda3/lib/python3.9/site-packages/django/conf/__init__.py", line 183, in __init__
    mod = importlib.import_module(self.SETTINGS_MODULE)
  File "/opt/miniconda3/lib/python3.9/importlib/__init__.py", line 127, in import_module
    return _bootstrap._gcd_import(name[level:], package, level)
  File "<frozen importlib._bootstrap>", line 1030, in _gcd_import
  File "<frozen importlib._bootstrap>", line 1007, in _find_and_load
  File "<frozen importlib._bootstrap>", line 986, in _find_and_load_unlocked
  File "<frozen importlib._bootstrap>", line 680, in _load_unlocked
  File "<frozen importlib._bootstrap_external>", line 850, in exec_module
  File "<frozen importlib._bootstrap>", line 228, in _call_with_frames_removed
  File "/opt/smartscope/Smartscope/core/settings/server_docker.py", line 40, in <module>
    USE_LONGTERMSTORAGE = eval(os.getenv('USE_LONGTERMSTORAGE'))
  File "<string>", line 1, in <module>
NameError: name 'false' is not defined
2023-06-07 17:00:52 [20] [INFO] Worker exiting (pid: 20)
2023-06-07 17:00:52 [1] [WARNING] Worker with pid 21 was terminated due to signal 15
2023-06-07 17:00:52 [1] [INFO] Shutting down: Master
2023-06-07 17:00:52 [1] [INFO] Reason: Worker failed to boot.
2023-06-07 17:00:54 [1] [INFO] Starting gunicorn 20.1.0
2023-06-07 17:00:54 [1] [INFO] Listening at: http://172.23.0.4:48001 (1)
2023-06-07 17:00:54 [1] [INFO] Using worker: uvicorn.workers.UvicornWorker
2023-06-07 17:00:54 [20] [INFO] Booting worker with pid: 20
2023-06-07 17:00:54 [21] [INFO] Booting worker with pid: 21
2023-06-07 17:00:54 [20] [ERROR] Exception in worker process
Traceback (most recent call last):
  File "/opt/miniconda3/lib/python3.9/site-packages/gunicorn/arbiter.py", line 589, in spawn_worker
    worker.init_process()
  File "/opt/miniconda3/lib/python3.9/site-packages/uvicorn/workers.py", line 66, in init_process
    super(UvicornWorker, self).init_process()
  File "/opt/miniconda3/lib/python3.9/site-packages/gunicorn/workers/base.py", line 134, in init_process
    self.load_wsgi()
  File "/opt/miniconda3/lib/python3.9/site-packages/gunicorn/workers/base.py", line 146, in load_wsgi
    self.wsgi = self.app.wsgi()
  File "/opt/miniconda3/lib/python3.9/site-packages/gunicorn/app/base.py", line 67, in wsgi
    self.callable = self.load()
  File "/opt/miniconda3/lib/python3.9/site-packages/gunicorn/app/wsgiapp.py", line 58, in load
    return self.load_wsgiapp()
  File "/opt/miniconda3/lib/python3.9/site-packages/gunicorn/app/wsgiapp.py", line 48, in load_wsgiapp
    return util.import_app(self.app_uri)
  File "/opt/miniconda3/lib/python3.9/site-packages/gunicorn/util.py", line 359, in import_app
    mod = importlib.import_module(module)
  File "/opt/miniconda3/lib/python3.9/importlib/__init__.py", line 127, in import_module
    return _bootstrap._gcd_import(name[level:], package, level)
  File "<frozen importlib._bootstrap>", line 1030, in _gcd_import
  File "<frozen importlib._bootstrap>", line 1007, in _find_and_load
  File "<frozen importlib._bootstrap>", line 986, in _find_and_load_unlocked
  File "<frozen importlib._bootstrap>", line 680, in _load_unlocked
  File "<frozen importlib._bootstrap_external>", line 850, in exec_module
  File "<frozen importlib._bootstrap>", line 228, in _call_with_frames_removed
  File "/opt/smartscope/Smartscope/server/main/asgi.py", line 15, in <module>
    django.setup()
  File "/opt/miniconda3/lib/python3.9/site-packages/django/__init__.py", line 19, in setup
    configure_logging(settings.LOGGING_CONFIG, settings.LOGGING)
  File "/opt/miniconda3/lib/python3.9/site-packages/django/conf/__init__.py", line 87, in __getattr__
    self._setup(name)
  File "/opt/miniconda3/lib/python3.9/site-packages/django/conf/__init__.py", line 74, in _setup
    self._wrapped = Settings(settings_module)
  File "/opt/miniconda3/lib/python3.9/site-packages/django/conf/__init__.py", line 183, in __init__
    mod = importlib.import_module(self.SETTINGS_MODULE)
  File "/opt/miniconda3/lib/python3.9/importlib/__init__.py", line 127, in import_module
    return _bootstrap._gcd_import(name[level:], package, level)
  File "<frozen importlib._bootstrap>", line 1030, in _gcd_import
  File "<frozen importlib._bootstrap>", line 1007, in _find_and_load
  File "<frozen importlib._bootstrap>", line 986, in _find_and_load_unlocked
  File "<frozen importlib._bootstrap>", line 680, in _load_unlocked
  File "<frozen importlib._bootstrap_external>", line 850, in exec_module
  File "<frozen importlib._bootstrap>", line 228, in _call_with_frames_removed
  File "/opt/smartscope/Smartscope/core/settings/server_docker.py", line 40, in <module>
    USE_LONGTERMSTORAGE = eval(os.getenv('USE_LONGTERMSTORAGE'))
  File "<string>", line 1, in <module>
NameError: name 'false' is not defined
2023-06-07 17:00:54 [20] [INFO] Worker exiting (pid: 20)
2023-06-07 17:00:55 [1] [WARNING] Worker with pid 21 was terminated due to signal 15
2023-06-07 17:00:55 [1] [INFO] Shutting down: Master
2023-06-07 17:00:55 [1] [INFO] Reason: Worker failed to boot.
2023-06-07 17:02:45 [1] [INFO] Starting gunicorn 20.1.0
2023-06-07 17:02:45 [1] [INFO] Listening at: http://172.23.0.4:48001 (1)
2023-06-07 17:02:45 [1] [INFO] Using worker: uvicorn.workers.UvicornWorker
2023-06-07 17:02:45 [112] [INFO] Booting worker with pid: 112
2023-06-07 17:02:45 [113] [INFO] Booting worker with pid: 113
2023-06-07 17:02:48 [113] [INFO] Started server process [113]
2023-06-07 17:02:48 [112] [INFO] Started server process [112]
2023-06-07 17:02:48 [113] [INFO] Waiting for application startup.
2023-06-07 17:02:48 [112] [INFO] Waiting for application startup.
2023-06-07 17:02:48 [113] [INFO] ASGI 'lifespan' protocol appears unsupported.
2023-06-07 17:02:48 [112] [INFO] ASGI 'lifespan' protocol appears unsupported.
2023-06-07 17:02:48 [113] [INFO] Application startup complete.
2023-06-07 17:02:48 [112] [INFO] Application startup complete.
2023-06-07 17:05:50 [1] [INFO] Handling signal: term
2023-06-07 17:05:50 [113] [INFO] Shutting down
2023-06-07 17:05:50 [112] [INFO] Shutting down
2023-06-07 17:05:50 [113] [INFO] Error while closing socket [Errno 9] Bad file descriptor
2023-06-07 17:05:50 [112] [INFO] Error while closing socket [Errno 9] Bad file descriptor
2023-06-07 17:05:50 [113] [INFO] Finished server process [113]
2023-06-07 17:05:50 [112] [INFO] Finished server process [112]
2023-06-07 17:05:50 [112] [INFO] Worker exiting (pid: 112)
2023-06-07 17:05:50 [113] [INFO] Worker exiting (pid: 113)
2023-06-07 17:05:51 [1] [INFO] Shutting down: Master
2023-06-07 17:06:06 [1] [INFO] Starting gunicorn 20.1.0
2023-06-07 17:06:06 [1] [INFO] Listening at: http://172.23.0.4:48001 (1)
2023-06-07 17:06:06 [1] [INFO] Using worker: uvicorn.workers.UvicornWorker
2023-06-07 17:06:06 [112] [INFO] Booting worker with pid: 112
2023-06-07 17:06:06 [113] [INFO] Booting worker with pid: 113
2023-06-07 17:06:09 [113] [INFO] Started server process [113]
2023-06-07 17:06:09 [112] [INFO] Started server process [112]
2023-06-07 17:06:09 [113] [INFO] Waiting for application startup.
2023-06-07 17:06:09 [112] [INFO] Waiting for application startup.
2023-06-07 17:06:09 [113] [INFO] ASGI 'lifespan' protocol appears unsupported.
2023-06-07 17:06:09 [112] [INFO] ASGI 'lifespan' protocol appears unsupported.
2023-06-07 17:06:09 [113] [INFO] Application startup complete.
2023-06-07 17:06:09 [112] [INFO] Application startup complete.
2023-06-07 17:07:41 [1] [INFO] Handling signal: term
2023-06-07 17:07:41 [113] [INFO] Shutting down
2023-06-07 17:07:41 [112] [INFO] Shutting down
2023-06-07 17:07:41 [113] [INFO] Error while closing socket [Errno 9] Bad file descriptor
2023-06-07 17:07:41 [112] [INFO] Error while closing socket [Errno 9] Bad file descriptor
2023-06-07 17:07:41 [113] [INFO] Finished server process [113]
2023-06-07 17:07:41 [112] [INFO] Finished server process [112]
2023-06-07 17:07:41 [113] [INFO] Worker exiting (pid: 113)
2023-06-07 17:07:41 [112] [INFO] Worker exiting (pid: 112)
2023-06-07 17:07:42 [1] [INFO] Shutting down: Master
2023-06-07 17:07:57 [1] [INFO] Starting gunicorn 20.1.0
2023-06-07 17:07:57 [1] [INFO] Listening at: http://172.23.0.4:48001 (1)
2023-06-07 17:07:57 [1] [INFO] Using worker: uvicorn.workers.UvicornWorker
2023-06-07 17:07:57 [112] [INFO] Booting worker with pid: 112
2023-06-07 17:07:57 [113] [INFO] Booting worker with pid: 113
2023-06-07 17:08:00 [112] [INFO] Started server process [112]
2023-06-07 17:08:00 [112] [INFO] Waiting for application startup.
2023-06-07 17:08:00 [112] [INFO] ASGI 'lifespan' protocol appears unsupported.
2023-06-07 17:08:00 [112] [INFO] Application startup complete.
2023-06-07 17:08:00 [113] [INFO] Started server process [113]
2023-06-07 17:08:00 [113] [INFO] Waiting for application startup.
2023-06-07 17:08:00 [113] [INFO] ASGI 'lifespan' protocol appears unsupported.
2023-06-07 17:08:00 [113] [INFO] Application startup complete.
2023-06-07 17:09:46 [1] [INFO] Handling signal: term
2023-06-07 17:09:46 [112] [INFO] Shutting down
2023-06-07 17:09:46 [113] [INFO] Shutting down
2023-06-07 17:09:46 [112] [INFO] Error while closing socket [Errno 9] Bad file descriptor
2023-06-07 17:09:46 [113] [INFO] Error while closing socket [Errno 9] Bad file descriptor
2023-06-07 17:09:46 [112] [INFO] Finished server process [112]
2023-06-07 17:09:46 [113] [INFO] Finished server process [113]
2023-06-07 17:09:46 [112] [INFO] Worker exiting (pid: 112)
2023-06-07 17:09:46 [113] [INFO] Worker exiting (pid: 113)
2023-06-07 17:09:47 [1] [INFO] Shutting down: Master
2023-06-07 17:10:04 [1] [INFO] Starting gunicorn 20.1.0
2023-06-07 17:10:04 [1] [INFO] Listening at: http://172.23.0.4:48001 (1)
2023-06-07 17:10:04 [1] [INFO] Using worker: uvicorn.workers.UvicornWorker
2023-06-07 17:10:04 [115] [INFO] Booting worker with pid: 115
2023-06-07 17:10:04 [116] [INFO] Booting worker with pid: 116
2023-06-07 17:10:06 [115] [INFO] Started server process [115]
2023-06-07 17:10:06 [115] [INFO] Waiting for application startup.
2023-06-07 17:10:06 [115] [INFO] ASGI 'lifespan' protocol appears unsupported.
2023-06-07 17:10:06 [115] [INFO] Application startup complete.
2023-06-07 17:10:06 [116] [INFO] Started server process [116]
2023-06-07 17:10:06 [116] [INFO] Waiting for application startup.
2023-06-07 17:10:06 [116] [INFO] ASGI 'lifespan' protocol appears unsupported.
2023-06-07 17:10:06 [116] [INFO] Application startup complete.
2023-06-07 17:12:50 [1] [INFO] Handling signal: term
2023-06-07 17:12:50 [116] [INFO] Shutting down
2023-06-07 17:12:50 [116] [INFO] Error while closing socket [Errno 9] Bad file descriptor
2023-06-07 17:12:50 [115] [INFO] Shutting down
2023-06-07 17:12:50 [115] [INFO] Error while closing socket [Errno 9] Bad file descriptor
2023-06-07 17:12:50 [116] [INFO] Finished server process [116]
2023-06-07 17:12:50 [116] [INFO] Worker exiting (pid: 116)
2023-06-07 17:12:50 [115] [INFO] Finished server process [115]
2023-06-07 17:12:50 [115] [INFO] Worker exiting (pid: 115)
2023-06-07 17:12:51 [1] [INFO] Shutting down: Master
2023-06-07 17:13:08 [1] [INFO] Starting gunicorn 20.1.0
2023-06-07 17:13:08 [1] [INFO] Listening at: http://172.23.0.4:48001 (1)
2023-06-07 17:13:08 [1] [INFO] Using worker: uvicorn.workers.UvicornWorker
2023-06-07 17:13:08 [114] [INFO] Booting worker with pid: 114
2023-06-07 17:13:08 [115] [INFO] Booting worker with pid: 115
2023-06-07 17:13:10 [114] [INFO] Started server process [114]
2023-06-07 17:13:10 [114] [INFO] Waiting for application startup.
2023-06-07 17:13:10 [114] [INFO] ASGI 'lifespan' protocol appears unsupported.
2023-06-07 17:13:10 [114] [INFO] Application startup complete.
2023-06-07 17:13:10 [115] [INFO] Started server process [115]
2023-06-07 17:13:10 [115] [INFO] Waiting for application startup.
2023-06-07 17:13:10 [115] [INFO] ASGI 'lifespan' protocol appears unsupported.
2023-06-07 17:13:10 [115] [INFO] Application startup complete.
2023-06-07 17:19:45 [1] [INFO] Handling signal: term
2023-06-07 17:19:45 [114] [INFO] Shutting down
2023-06-07 17:19:45 [114] [INFO] Error while closing socket [Errno 9] Bad file descriptor
2023-06-07 17:19:45 [115] [INFO] Shutting down
2023-06-07 17:19:45 [115] [INFO] Error while closing socket [Errno 9] Bad file descriptor
2023-06-07 17:19:46 [114] [INFO] Finished server process [114]
2023-06-07 17:19:46 [114] [INFO] Worker exiting (pid: 114)
2023-06-07 17:19:46 [115] [INFO] Finished server process [115]
2023-06-07 17:19:46 [115] [INFO] Worker exiting (pid: 115)
2023-06-07 17:19:46 [1] [INFO] Shutting down: Master
2023-06-07 17:20:03 [1] [INFO] Starting gunicorn 20.1.0
2023-06-07 17:20:03 [1] [INFO] Listening at: http://172.23.0.4:48001 (1)
2023-06-07 17:20:03 [1] [INFO] Using worker: uvicorn.workers.UvicornWorker
2023-06-07 17:20:03 [114] [INFO] Booting worker with pid: 114
2023-06-07 17:20:03 [115] [INFO] Booting worker with pid: 115
2023-06-07 17:20:06 [114] [INFO] Started server process [114]
2023-06-07 17:20:06 [114] [INFO] Waiting for application startup.
2023-06-07 17:20:06 [114] [INFO] ASGI 'lifespan' protocol appears unsupported.
2023-06-07 17:20:06 [114] [INFO] Application startup complete.
2023-06-07 17:20:06 [115] [INFO] Started server process [115]
2023-06-07 17:20:06 [115] [INFO] Waiting for application startup.
2023-06-07 17:20:06 [115] [INFO] ASGI 'lifespan' protocol appears unsupported.
2023-06-07 17:20:06 [115] [INFO] Application startup complete.
2023-06-07 17:20:56 [1] [INFO] Handling signal: term
2023-06-07 17:20:56 [114] [INFO] Shutting down
2023-06-07 17:20:56 [115] [INFO] Shutting down
2023-06-07 17:20:56 [114] [INFO] Error while closing socket [Errno 9] Bad file descriptor
2023-06-07 17:20:56 [115] [INFO] Error while closing socket [Errno 9] Bad file descriptor
2023-06-07 17:20:56 [114] [INFO] Finished server process [114]
2023-06-07 17:20:56 [115] [INFO] Finished server process [115]
2023-06-07 17:20:56 [115] [INFO] Worker exiting (pid: 115)
2023-06-07 17:20:56 [114] [INFO] Worker exiting (pid: 114)
2023-06-07 17:20:56 [1] [INFO] Shutting down: Master
2023-06-07 17:21:13 [1] [INFO] Starting gunicorn 20.1.0
2023-06-07 17:21:13 [1] [INFO] Listening at: http://172.23.0.4:48001 (1)
2023-06-07 17:21:13 [1] [INFO] Using worker: uvicorn.workers.UvicornWorker
2023-06-07 17:21:13 [114] [INFO] Booting worker with pid: 114
2023-06-07 17:21:13 [115] [INFO] Booting worker with pid: 115
2023-06-07 17:21:16 [114] [INFO] Started server process [114]
2023-06-07 17:21:16 [114] [INFO] Waiting for application startup.
2023-06-07 17:21:16 [114] [INFO] ASGI 'lifespan' protocol appears unsupported.
2023-06-07 17:21:16 [114] [INFO] Application startup complete.
2023-06-07 17:21:16 [115] [INFO] Started server process [115]
2023-06-07 17:21:16 [115] [INFO] Waiting for application startup.
2023-06-07 17:21:16 [115] [INFO] ASGI 'lifespan' protocol appears unsupported.
2023-06-07 17:21:16 [115] [INFO] Application startup complete.
2023-06-07 17:24:56 [1] [INFO] Handling signal: term
2023-06-07 17:24:56 [115] [INFO] Shutting down
2023-06-07 17:24:56 [115] [INFO] Error while closing socket [Errno 9] Bad file descriptor
2023-06-07 17:24:56 [114] [INFO] Shutting down
2023-06-07 17:24:56 [114] [INFO] Error while closing socket [Errno 9] Bad file descriptor
2023-06-07 17:24:56 [115] [INFO] Finished server process [115]
2023-06-07 17:24:56 [115] [INFO] Worker exiting (pid: 115)
2023-06-07 17:24:56 [114] [INFO] Finished server process [114]
2023-06-07 17:24:56 [114] [INFO] Worker exiting (pid: 114)
2023-06-07 17:24:57 [1] [INFO] Shutting down: Master
2023-06-07 17:25:14 [1] [INFO] Starting gunicorn 20.1.0
2023-06-07 17:25:14 [1] [INFO] Listening at: http://172.23.0.4:48001 (1)
2023-06-07 17:25:14 [1] [INFO] Using worker: uvicorn.workers.UvicornWorker
2023-06-07 17:25:14 [115] [INFO] Booting worker with pid: 115
2023-06-07 17:25:14 [116] [INFO] Booting worker with pid: 116
2023-06-07 17:25:17 [115] [INFO] Started server process [115]
2023-06-07 17:25:17 [115] [INFO] Waiting for application startup.
2023-06-07 17:25:17 [115] [INFO] ASGI 'lifespan' protocol appears unsupported.
2023-06-07 17:25:17 [115] [INFO] Application startup complete.
2023-06-07 17:25:17 [116] [INFO] Started server process [116]
2023-06-07 17:25:17 [116] [INFO] Waiting for application startup.
2023-06-07 17:25:17 [116] [INFO] ASGI 'lifespan' protocol appears unsupported.
2023-06-07 17:25:17 [116] [INFO] Application startup complete.
2023-06-07 17:27:59 [1] [INFO] Handling signal: term
2023-06-07 17:27:59 [115] [INFO] Shutting down
2023-06-07 17:27:59 [115] [INFO] Error while closing socket [Errno 9] Bad file descriptor
2023-06-07 17:27:59 [116] [INFO] Shutting down
2023-06-07 17:27:59 [116] [INFO] Error while closing socket [Errno 9] Bad file descriptor
2023-06-07 17:27:59 [115] [INFO] Finished server process [115]
2023-06-07 17:27:59 [115] [INFO] Worker exiting (pid: 115)
2023-06-07 17:27:59 [116] [INFO] Finished server process [116]
2023-06-07 17:27:59 [116] [INFO] Worker exiting (pid: 116)
2023-06-07 17:28:00 [1] [INFO] Shutting down: Master
2023-06-07 17:30:39 [1] [INFO] Starting gunicorn 20.1.0
2023-06-07 17:30:39 [1] [INFO] Listening at: http://172.24.0.4:48001 (1)
2023-06-07 17:30:39 [1] [INFO] Using worker: uvicorn.workers.UvicornWorker
2023-06-07 17:30:39 [115] [INFO] Booting worker with pid: 115
2023-06-07 17:30:39 [116] [INFO] Booting worker with pid: 116
2023-06-07 17:30:42 [115] [INFO] Started server process [115]
2023-06-07 17:30:42 [115] [INFO] Waiting for application startup.
2023-06-07 17:30:42 [115] [INFO] ASGI 'lifespan' protocol appears unsupported.
2023-06-07 17:30:42 [115] [INFO] Application startup complete.
2023-06-07 17:30:42 [116] [INFO] Started server process [116]
2023-06-07 17:30:42 [116] [INFO] Waiting for application startup.
2023-06-07 17:30:42 [116] [INFO] ASGI 'lifespan' protocol appears unsupported.
2023-06-07 17:30:42 [116] [INFO] Application startup complete.
2023-06-07 17:34:28 [1] [INFO] Handling signal: term
2023-06-07 17:34:28 [116] [INFO] Shutting down
2023-06-07 17:34:28 [116] [INFO] Error while closing socket [Errno 9] Bad file descriptor
2023-06-07 17:34:28 [115] [INFO] Shutting down
2023-06-07 17:34:28 [115] [INFO] Error while closing socket [Errno 9] Bad file descriptor
2023-06-07 17:34:28 [116] [INFO] Finished server process [116]
2023-06-07 17:34:28 [116] [INFO] Worker exiting (pid: 116)
2023-06-07 17:34:28 [115] [INFO] Finished server process [115]
2023-06-07 17:34:28 [115] [INFO] Worker exiting (pid: 115)
2023-06-07 17:34:29 [1] [INFO] Shutting down: Master
2023-06-07 17:34:46 [1] [INFO] Starting gunicorn 20.1.0
2023-06-07 17:34:46 [1] [INFO] Listening at: http://172.24.0.4:48001 (1)
2023-06-07 17:34:46 [1] [INFO] Using worker: uvicorn.workers.UvicornWorker
2023-06-07 17:34:46 [115] [INFO] Booting worker with pid: 115
2023-06-07 17:34:46 [116] [INFO] Booting worker with pid: 116
2023-06-07 17:34:49 [115] [INFO] Started server process [115]
2023-06-07 17:34:49 [115] [INFO] Waiting for application startup.
2023-06-07 17:34:49 [115] [INFO] ASGI 'lifespan' protocol appears unsupported.
2023-06-07 17:34:49 [115] [INFO] Application startup complete.
2023-06-07 17:34:49 [116] [INFO] Started server process [116]
2023-06-07 17:34:49 [116] [INFO] Waiting for application startup.
2023-06-07 17:34:49 [116] [INFO] ASGI 'lifespan' protocol appears unsupported.
2023-06-07 17:34:49 [116] [INFO] Application startup complete.
2023-06-07 17:36:08 [1] [INFO] Handling signal: term
2023-06-07 17:36:08 [115] [INFO] Shutting down
2023-06-07 17:36:08 [115] [INFO] Error while closing socket [Errno 9] Bad file descriptor
2023-06-07 17:36:08 [116] [INFO] Shutting down
2023-06-07 17:36:08 [116] [INFO] Error while closing socket [Errno 9] Bad file descriptor
2023-06-07 17:36:08 [115] [INFO] Finished server process [115]
2023-06-07 17:36:08 [115] [INFO] Worker exiting (pid: 115)
2023-06-07 17:36:08 [116] [INFO] Finished server process [116]
2023-06-07 17:36:08 [116] [INFO] Worker exiting (pid: 116)
2023-06-07 17:36:09 [1] [INFO] Shutting down: Master
2023-06-07 17:36:28 [1] [INFO] Starting gunicorn 20.1.0
2023-06-07 17:36:28 [1] [INFO] Listening at: http://172.24.0.4:48001 (1)
2023-06-07 17:36:28 [1] [INFO] Using worker: uvicorn.workers.UvicornWorker
2023-06-07 17:36:28 [117] [INFO] Booting worker with pid: 117
2023-06-07 17:36:28 [118] [INFO] Booting worker with pid: 118
2023-06-07 17:36:31 [118] [INFO] Started server process [118]
2023-06-07 17:36:31 [118] [INFO] Waiting for application startup.
2023-06-07 17:36:31 [118] [INFO] ASGI 'lifespan' protocol appears unsupported.
2023-06-07 17:36:31 [118] [INFO] Application startup complete.
2023-06-07 17:36:31 [117] [INFO] Started server process [117]
2023-06-07 17:36:31 [117] [INFO] Waiting for application startup.
2023-06-07 17:36:31 [117] [INFO] ASGI 'lifespan' protocol appears unsupported.
2023-06-07 17:36:31 [117] [INFO] Application startup complete.
2023-06-07 17:39:57 [1] [INFO] Handling signal: term
2023-06-07 17:39:57 [118] [INFO] Shutting down
2023-06-07 17:39:57 [118] [INFO] Error while closing socket [Errno 9] Bad file descriptor
2023-06-07 17:39:57 [117] [INFO] Shutting down
2023-06-07 17:39:57 [117] [INFO] Error while closing socket [Errno 9] Bad file descriptor
2023-06-07 17:39:57 [118] [INFO] Finished server process [118]
2023-06-07 17:39:57 [118] [INFO] Worker exiting (pid: 118)
2023-06-07 17:39:57 [117] [INFO] Finished server process [117]
2023-06-07 17:39:57 [117] [INFO] Worker exiting (pid: 117)
2023-06-07 17:39:58 [1] [INFO] Shutting down: Master
2023-06-07 17:40:13 [1] [INFO] Starting gunicorn 20.1.0
2023-06-07 17:40:13 [1] [INFO] Listening at: http://172.24.0.4:48001 (1)
2023-06-07 17:40:13 [1] [INFO] Using worker: uvicorn.workers.UvicornWorker
2023-06-07 17:40:13 [115] [INFO] Booting worker with pid: 115
2023-06-07 17:40:13 [116] [INFO] Booting worker with pid: 116
2023-06-07 17:40:16 [115] [INFO] Started server process [115]
2023-06-07 17:40:16 [115] [INFO] Waiting for application startup.
2023-06-07 17:40:16 [115] [INFO] ASGI 'lifespan' protocol appears unsupported.
2023-06-07 17:40:16 [115] [INFO] Application startup complete.
2023-06-07 17:40:16 [116] [INFO] Started server process [116]
2023-06-07 17:40:16 [116] [INFO] Waiting for application startup.
2023-06-07 17:40:16 [116] [INFO] ASGI 'lifespan' protocol appears unsupported.
2023-06-07 17:40:16 [116] [INFO] Application startup complete.
2023-06-07 18:17:23 [1] [INFO] Handling signal: term
2023-06-07 18:17:23 [116] [INFO] Shutting down
2023-06-07 18:17:23 [116] [INFO] Error while closing socket [Errno 9] Bad file descriptor
2023-06-07 18:17:23 [115] [INFO] Shutting down
2023-06-07 18:17:23 [115] [INFO] Error while closing socket [Errno 9] Bad file descriptor
2023-06-07 18:17:23 [116] [INFO] Finished server process [116]
2023-06-07 18:17:23 [116] [INFO] Worker exiting (pid: 116)
2023-06-07 18:17:23 [115] [INFO] Finished server process [115]
2023-06-07 18:17:23 [115] [INFO] Worker exiting (pid: 115)
2023-06-07 18:17:24 [1] [INFO] Shutting down: Master
